<?xml version="1.0" encoding="UTF-8"?>
<!-- Generated by org.testng.reporters.JUnitXMLReporter -->
<testsuite ignored="0" hostname="LAPTOP-NKUME37F" failures="0" tests="5" name="Test Selenium" time="32.26" errors="0" timestamp="2024-10-10T09:20:09 ICT">
  <testcase classname="selenium_webdriver.HandlePopupsTest" name="testJavaScriptAlerts" time="0.43"/>
  <testcase classname="selenium_webdriver.DragAndDropTest" name="testDragAndDrop" time="0.324"/>
  <testcase classname="selenium_webdriver.DynamicControlsTest" name="testDynamicControls" time="6.363"/>
  <testcase classname="selenium_webdriver.IFrameTest" name="testIFrame" time="0.14"/>
  <testcase classname="selenium_webdriver.WindowHandlesTest" name="testWindowHandles" time="0.347"/>
</testsuite> <!-- Test Selenium -->
